2025-06-15T21:16:08.855Z P:39596 T:259] SyncServiceImpl::ResetEngine,Reset engine with reason: 8
2025-06-15T21:16:08.855Z P:39596 T:259] ModelLoadManager::Stop,Stopped: Bookmarks
2025-06-15T21:16:08.855Z P:39596 T:259] ModelLoadManager::Stop,Stopped: Preferences
2025-06-15T21:16:08.855Z P:39596 T:259] ModelLoadManager::Stop,Stopped: Passwords
2025-06-15T21:16:08.855Z P:39596 T:259] ModelLoadManager::Stop,Stopped: Autofill Profiles
2025-06-15T21:16:08.855Z P:39596 T:259] ModelLoadManager::Stop,Stopped: Autofill
2025-06-15T21:16:08.855Z P:39596 T:259] ModelLoadManager::Stop,Stopped: Typed URLs
2025-06-15T21:16:08.855Z P:39596 T:259] ModelLoadManager::Stop,Stopped: Extensions
2025-06-15T21:16:08.855Z P:39596 T:259] ModelLoadManager::Stop,Stopped: Sessions
2025-06-15T21:16:08.855Z P:39596 T:259] ModelLoadManager::Stop,Stopped: Extension settings
2025-06-15T21:16:08.855Z P:39596 T:259] ModelLoadManager::Stop,Stopped: History Delete Directives
2025-06-15T21:16:08.855Z P:39596 T:259] ModelLoadManager::Stop,Stopped: Device Info
2025-06-15T21:16:08.855Z P:39596 T:259] ModelLoadManager::Stop,Stopped: User Consents
2025-06-15T21:16:08.855Z P:39596 T:259] ModelLoadManager::Stop,Stopped: Send Tab To Self
2025-06-15T21:16:08.855Z P:39596 T:259] ModelLoadManager::Stop,Stopped: Web Apps
2025-06-15T21:16:08.855Z P:39596 T:259] ModelLoadManager::Stop,Stopped: History
2025-06-15T21:16:08.855Z P:39596 T:259] ModelLoadManager::Stop,Stopped: Collection
2025-06-15T21:16:08.855Z P:39596 T:259] ModelLoadManager::Stop,Stopped: Edge E Drop
2025-06-15T21:16:08.855Z P:39596 T:259] ModelLoadManager::Stop,Stopped: Edge Hub App Usage
2025-06-15T21:16:08.855Z P:39596 T:259] ModelLoadManager::Stop,Stopped: Edge Tab Group
2025-06-15T21:16:08.855Z P:39596 T:259] ModelLoadManager::Stop,Stopped: Edge Wallet
2025-06-15T21:16:08.855Z P:39596 T:259] SyncServiceImpl::Initialize,SyncState after authenticated was: NotSignedIn
2025-06-15T21:16:08.855Z P:39596 T:259] SyncServiceImpl::ResetEngine,Reset engine with reason: 3
2025-06-15T21:16:08.856Z P:39596 T:259] ModelLoadManager::Stop,Stopped: Bookmarks
2025-06-15T21:16:08.856Z P:39596 T:259] ModelLoadManager::Stop,Stopped: Preferences
2025-06-15T21:16:08.856Z P:39596 T:259] ModelLoadManager::Stop,Stopped: Passwords
2025-06-15T21:16:08.856Z P:39596 T:259] ModelLoadManager::Stop,Stopped: Autofill Profiles
2025-06-15T21:16:08.856Z P:39596 T:259] ModelLoadManager::Stop,Stopped: Autofill
2025-06-15T21:16:08.856Z P:39596 T:259] ModelLoadManager::Stop,Stopped: Typed URLs
2025-06-15T21:16:08.856Z P:39596 T:259] ModelLoadManager::Stop,Stopped: Extensions
2025-06-15T21:16:08.856Z P:39596 T:259] ModelLoadManager::Stop,Stopped: Sessions
2025-06-15T21:16:08.856Z P:39596 T:259] ModelLoadManager::Stop,Stopped: Extension settings
2025-06-15T21:16:08.856Z P:39596 T:259] ModelLoadManager::Stop,Stopped: History Delete Directives
2025-06-15T21:16:08.856Z P:39596 T:259] ModelLoadManager::Stop,Stopped: Device Info
2025-06-15T21:16:08.856Z P:39596 T:259] ModelLoadManager::Stop,Stopped: User Consents
2025-06-15T21:16:08.856Z P:39596 T:259] ModelLoadManager::Stop,Stopped: Send Tab To Self
2025-06-15T21:16:08.856Z P:39596 T:259] ModelLoadManager::Stop,Stopped: Web Apps
2025-06-15T21:16:08.856Z P:39596 T:259] ModelLoadManager::Stop,Stopped: History
2025-06-15T21:16:08.856Z P:39596 T:259] ModelLoadManager::Stop,Stopped: Collection
2025-06-15T21:16:08.856Z P:39596 T:259] ModelLoadManager::Stop,Stopped: Edge E Drop
2025-06-15T21:16:08.856Z P:39596 T:259] ModelLoadManager::Stop,Stopped: Edge Hub App Usage
2025-06-15T21:16:08.856Z P:39596 T:259] ModelLoadManager::Stop,Stopped: Edge Tab Group
2025-06-15T21:16:08.856Z P:39596 T:259] ModelLoadManager::Stop,Stopped: Edge Wallet
2025-06-15T21:16:11.046Z P:39596 T:259] SyncServiceImpl::ResetEngine,Reset engine with reason: 8
2025-06-15T21:16:11.046Z P:39596 T:259] ModelLoadManager::Stop,Stopped: Bookmarks
2025-06-15T21:16:11.046Z P:39596 T:259] ModelLoadManager::Stop,Stopped: Preferences
2025-06-15T21:16:11.046Z P:39596 T:259] ModelLoadManager::Stop,Stopped: Passwords
2025-06-15T21:16:11.046Z P:39596 T:259] ModelLoadManager::Stop,Stopped: Autofill Profiles
2025-06-15T21:16:11.046Z P:39596 T:259] ModelLoadManager::Stop,Stopped: Autofill
2025-06-15T21:16:11.046Z P:39596 T:259] ModelLoadManager::Stop,Stopped: Typed URLs
2025-06-15T21:16:11.046Z P:39596 T:259] ModelLoadManager::Stop,Stopped: Extensions
2025-06-15T21:16:11.046Z P:39596 T:259] ModelLoadManager::Stop,Stopped: Sessions
2025-06-15T21:16:11.046Z P:39596 T:259] ModelLoadManager::Stop,Stopped: Extension settings
2025-06-15T21:16:11.046Z P:39596 T:259] ModelLoadManager::Stop,Stopped: History Delete Directives
2025-06-15T21:16:11.046Z P:39596 T:259] ModelLoadManager::Stop,Stopped: Device Info
2025-06-15T21:16:11.046Z P:39596 T:259] ModelLoadManager::Stop,Stopped: User Consents
2025-06-15T21:16:11.046Z P:39596 T:259] ModelLoadManager::Stop,Stopped: Send Tab To Self
2025-06-15T21:16:11.046Z P:39596 T:259] ModelLoadManager::Stop,Stopped: Web Apps
2025-06-15T21:16:11.046Z P:39596 T:259] ModelLoadManager::Stop,Stopped: History
2025-06-15T21:16:11.046Z P:39596 T:259] ModelLoadManager::Stop,Stopped: Collection
2025-06-15T21:16:11.046Z P:39596 T:259] ModelLoadManager::Stop,Stopped: Edge E Drop
2025-06-15T21:16:11.046Z P:39596 T:259] ModelLoadManager::Stop,Stopped: Edge Hub App Usage
2025-06-15T21:16:11.046Z P:39596 T:259] ModelLoadManager::Stop,Stopped: Edge Tab Group
2025-06-15T21:16:11.046Z P:39596 T:259] ModelLoadManager::Stop,Stopped: Edge Wallet
2025-06-15T21:16:56.061Z P:39596 T:259] SyncServiceImpl::ResetEngine,Reset engine with reason: 0
2025-06-15T21:17:56.666Z P:39851 T:259] SyncServiceImpl::ResetEngine,Reset engine with reason: 8
2025-06-15T21:17:56.666Z P:39851 T:259] ModelLoadManager::Stop,Stopped: Bookmarks
2025-06-15T21:17:56.666Z P:39851 T:259] ModelLoadManager::Stop,Stopped: Preferences
2025-06-15T21:17:56.666Z P:39851 T:259] ModelLoadManager::Stop,Stopped: Passwords
2025-06-15T21:17:56.666Z P:39851 T:259] ModelLoadManager::Stop,Stopped: Autofill Profiles
2025-06-15T21:17:56.666Z P:39851 T:259] ModelLoadManager::Stop,Stopped: Autofill
2025-06-15T21:17:56.666Z P:39851 T:259] ModelLoadManager::Stop,Stopped: Typed URLs
2025-06-15T21:17:56.666Z P:39851 T:259] ModelLoadManager::Stop,Stopped: Extensions
2025-06-15T21:17:56.666Z P:39851 T:259] ModelLoadManager::Stop,Stopped: Sessions
2025-06-15T21:17:56.666Z P:39851 T:259] ModelLoadManager::Stop,Stopped: Extension settings
2025-06-15T21:17:56.667Z P:39851 T:259] ModelLoadManager::Stop,Stopped: History Delete Directives
2025-06-15T21:17:56.667Z P:39851 T:259] ModelLoadManager::Stop,Stopped: Device Info
2025-06-15T21:17:56.667Z P:39851 T:259] ModelLoadManager::Stop,Stopped: User Consents
2025-06-15T21:17:56.667Z P:39851 T:259] ModelLoadManager::Stop,Stopped: Send Tab To Self
2025-06-15T21:17:56.667Z P:39851 T:259] ModelLoadManager::Stop,Stopped: Web Apps
2025-06-15T21:17:56.667Z P:39851 T:259] ModelLoadManager::Stop,Stopped: History
2025-06-15T21:17:56.667Z P:39851 T:259] ModelLoadManager::Stop,Stopped: Collection
2025-06-15T21:17:56.667Z P:39851 T:259] ModelLoadManager::Stop,Stopped: Edge E Drop
2025-06-15T21:17:56.667Z P:39851 T:259] ModelLoadManager::Stop,Stopped: Edge Hub App Usage
2025-06-15T21:17:56.667Z P:39851 T:259] ModelLoadManager::Stop,Stopped: Edge Tab Group
2025-06-15T21:17:56.667Z P:39851 T:259] ModelLoadManager::Stop,Stopped: Edge Wallet
2025-06-15T21:17:56.667Z P:39851 T:259] SyncServiceImpl::Initialize,SyncState after authenticated was: NotSignedIn
2025-06-15T21:17:57.113Z P:39851 T:259] SyncServiceImpl::ResetEngine,Reset engine with reason: 8
2025-06-15T21:17:57.113Z P:39851 T:259] ModelLoadManager::Stop,Stopped: Bookmarks
2025-06-15T21:17:57.113Z P:39851 T:259] ModelLoadManager::Stop,Stopped: Preferences
2025-06-15T21:17:57.113Z P:39851 T:259] ModelLoadManager::Stop,Stopped: Passwords
2025-06-15T21:17:57.113Z P:39851 T:259] ModelLoadManager::Stop,Stopped: Autofill Profiles
2025-06-15T21:17:57.113Z P:39851 T:259] ModelLoadManager::Stop,Stopped: Autofill
2025-06-15T21:17:57.113Z P:39851 T:259] ModelLoadManager::Stop,Stopped: Typed URLs
2025-06-15T21:17:57.113Z P:39851 T:259] ModelLoadManager::Stop,Stopped: Extensions
2025-06-15T21:17:57.113Z P:39851 T:259] ModelLoadManager::Stop,Stopped: Sessions
2025-06-15T21:17:57.113Z P:39851 T:259] ModelLoadManager::Stop,Stopped: Extension settings
2025-06-15T21:17:57.113Z P:39851 T:259] ModelLoadManager::Stop,Stopped: History Delete Directives
2025-06-15T21:17:57.113Z P:39851 T:259] ModelLoadManager::Stop,Stopped: Device Info
2025-06-15T21:17:57.113Z P:39851 T:259] ModelLoadManager::Stop,Stopped: User Consents
2025-06-15T21:17:57.113Z P:39851 T:259] ModelLoadManager::Stop,Stopped: Send Tab To Self
2025-06-15T21:17:57.113Z P:39851 T:259] ModelLoadManager::Stop,Stopped: Web Apps
2025-06-15T21:17:57.113Z P:39851 T:259] ModelLoadManager::Stop,Stopped: History
2025-06-15T21:17:57.113Z P:39851 T:259] ModelLoadManager::Stop,Stopped: Collection
2025-06-15T21:17:57.113Z P:39851 T:259] ModelLoadManager::Stop,Stopped: Edge E Drop
2025-06-15T21:17:57.113Z P:39851 T:259] ModelLoadManager::Stop,Stopped: Edge Hub App Usage
2025-06-15T21:17:57.113Z P:39851 T:259] ModelLoadManager::Stop,Stopped: Edge Tab Group
2025-06-15T21:17:57.113Z P:39851 T:259] ModelLoadManager::Stop,Stopped: Edge Wallet
2025-06-15T21:18:28.467Z P:39851 T:259] SyncServiceImpl::ResetEngine,Reset engine with reason: 0
2025-06-15T21:19:31.220Z P:39956 T:259] SyncServiceImpl::ResetEngine,Reset engine with reason: 8
2025-06-15T21:19:31.220Z P:39956 T:259] ModelLoadManager::Stop,Stopped: Bookmarks
2025-06-15T21:19:31.220Z P:39956 T:259] ModelLoadManager::Stop,Stopped: Preferences
2025-06-15T21:19:31.220Z P:39956 T:259] ModelLoadManager::Stop,Stopped: Passwords
2025-06-15T21:19:31.220Z P:39956 T:259] ModelLoadManager::Stop,Stopped: Autofill Profiles
2025-06-15T21:19:31.221Z P:39956 T:259] ModelLoadManager::Stop,Stopped: Autofill
2025-06-15T21:19:31.221Z P:39956 T:259] ModelLoadManager::Stop,Stopped: Typed URLs
2025-06-15T21:19:31.221Z P:39956 T:259] ModelLoadManager::Stop,Stopped: Extensions
2025-06-15T21:19:31.221Z P:39956 T:259] ModelLoadManager::Stop,Stopped: Sessions
2025-06-15T21:19:31.221Z P:39956 T:259] ModelLoadManager::Stop,Stopped: Extension settings
2025-06-15T21:19:31.221Z P:39956 T:259] ModelLoadManager::Stop,Stopped: History Delete Directives
2025-06-15T21:19:31.221Z P:39956 T:259] ModelLoadManager::Stop,Stopped: Device Info
2025-06-15T21:19:31.221Z P:39956 T:259] ModelLoadManager::Stop,Stopped: User Consents
2025-06-15T21:19:31.221Z P:39956 T:259] ModelLoadManager::Stop,Stopped: Send Tab To Self
2025-06-15T21:19:31.221Z P:39956 T:259] ModelLoadManager::Stop,Stopped: Web Apps
2025-06-15T21:19:31.221Z P:39956 T:259] ModelLoadManager::Stop,Stopped: History
2025-06-15T21:19:31.221Z P:39956 T:259] ModelLoadManager::Stop,Stopped: Collection
2025-06-15T21:19:31.221Z P:39956 T:259] ModelLoadManager::Stop,Stopped: Edge E Drop
2025-06-15T21:19:31.221Z P:39956 T:259] ModelLoadManager::Stop,Stopped: Edge Hub App Usage
2025-06-15T21:19:31.221Z P:39956 T:259] ModelLoadManager::Stop,Stopped: Edge Tab Group
2025-06-15T21:19:31.221Z P:39956 T:259] ModelLoadManager::Stop,Stopped: Edge Wallet
2025-06-15T21:19:31.221Z P:39956 T:259] SyncServiceImpl::Initialize,SyncState after authenticated was: NotSignedIn
2025-06-15T21:19:31.669Z P:39956 T:259] SyncServiceImpl::ResetEngine,Reset engine with reason: 8
2025-06-15T21:19:31.669Z P:39956 T:259] ModelLoadManager::Stop,Stopped: Bookmarks
2025-06-15T21:19:31.669Z P:39956 T:259] ModelLoadManager::Stop,Stopped: Preferences
2025-06-15T21:19:31.669Z P:39956 T:259] ModelLoadManager::Stop,Stopped: Passwords
2025-06-15T21:19:31.669Z P:39956 T:259] ModelLoadManager::Stop,Stopped: Autofill Profiles
2025-06-15T21:19:31.669Z P:39956 T:259] ModelLoadManager::Stop,Stopped: Autofill
2025-06-15T21:19:31.669Z P:39956 T:259] ModelLoadManager::Stop,Stopped: Typed URLs
2025-06-15T21:19:31.669Z P:39956 T:259] ModelLoadManager::Stop,Stopped: Extensions
2025-06-15T21:19:31.669Z P:39956 T:259] ModelLoadManager::Stop,Stopped: Sessions
2025-06-15T21:19:31.669Z P:39956 T:259] ModelLoadManager::Stop,Stopped: Extension settings
2025-06-15T21:19:31.669Z P:39956 T:259] ModelLoadManager::Stop,Stopped: History Delete Directives
2025-06-15T21:19:31.669Z P:39956 T:259] ModelLoadManager::Stop,Stopped: Device Info
2025-06-15T21:19:31.669Z P:39956 T:259] ModelLoadManager::Stop,Stopped: User Consents
2025-06-15T21:19:31.669Z P:39956 T:259] ModelLoadManager::Stop,Stopped: Send Tab To Self
2025-06-15T21:19:31.669Z P:39956 T:259] ModelLoadManager::Stop,Stopped: Web Apps
2025-06-15T21:19:31.669Z P:39956 T:259] ModelLoadManager::Stop,Stopped: History
2025-06-15T21:19:31.669Z P:39956 T:259] ModelLoadManager::Stop,Stopped: Collection
2025-06-15T21:19:31.669Z P:39956 T:259] ModelLoadManager::Stop,Stopped: Edge E Drop
2025-06-15T21:19:31.669Z P:39956 T:259] ModelLoadManager::Stop,Stopped: Edge Hub App Usage
2025-06-15T21:19:31.669Z P:39956 T:259] ModelLoadManager::Stop,Stopped: Edge Tab Group
2025-06-15T21:19:31.669Z P:39956 T:259] ModelLoadManager::Stop,Stopped: Edge Wallet
2025-06-15T21:20:03.047Z P:39956 T:259] SyncServiceImpl::ResetEngine,Reset engine with reason: 0
